Determining if the pthread_create exist failed with the following output:
Change Dir: /home/tati2327/Documentos/GITHUB/Proyecto_2/Tati/Logic/Client/cmake-build-debug/CMakeFiles/CMakeTmp

Run Build Command:"/usr/bin/make" "cmTC_ac70b/fast"
/usr/bin/make -f CMakeFiles/cmTC_ac70b.dir/build.make CMakeFiles/cmTC_ac70b.dir/build
make[1]: se entra en el directorio '/home/tati2327/Documentos/GITHUB/Proyecto_2/Tati/Logic/Client/cmake-build-debug/CMakeFiles/CMakeTmp'
Building C object CMakeFiles/cmTC_ac70b.dir/CheckSymbolExists.c.o
/usr/bin/cc    -o CMakeFiles/cmTC_ac70b.dir/CheckSymbolExists.c.o   -c /home/tati2327/Documentos/GITHUB/Proyecto_2/Tati/Logic/Client/cmake-build-debug/CMakeFiles/CMakeTmp/CheckSymbolExists.c
Linking C executable cmTC_ac70b
/home/tati2327/clion-2018.3.4/bin/cmake/linux/bin/cmake -E cmake_link_script CMakeFiles/cmTC_ac70b.dir/link.txt --verbose=1
/usr/bin/cc      CMakeFiles/cmTC_ac70b.dir/CheckSymbolExists.c.o  -o cmTC_ac70b 
CMakeFiles/cmTC_ac70b.dir/CheckSymbolExists.c.o: En la funci√≥n `main':
CheckSymbolExists.c:(.text+0x1b): referencia a `pthread_create' sin definir
collect2: error: ld returned 1 exit status
CMakeFiles/cmTC_ac70b.dir/build.make:86: recipe for target 'cmTC_ac70b' failed
make[1]: *** [cmTC_ac70b] Error 1
make[1]: se sale del directorio '/home/tati2327/Documentos/GITHUB/Proyecto_2/Tati/Logic/Client/cmake-build-debug/CMakeFiles/CMakeTmp'
Makefile:121: recipe for target 'cmTC_ac70b/fast' failed
make: *** [cmTC_ac70b/fast] Error 2

File /home/tati2327/Documentos/GITHUB/Proyecto_2/Tati/Logic/Client/cmake-build-debug/CMakeFiles/CMakeTmp/CheckSymbolExists.c:
/* */
#include <pthread.h>

int main(int argc, char** argv)
{
  (void)argv;
#ifndef pthread_create
  return ((int*)(&pthread_create))[argc];
#else
  (void)argc;
  return 0;
#endif
}

Determining if the function pthread_create exists in the pthreads failed with the following output:
Change Dir: /home/tati2327/Documentos/GITHUB/Proyecto_2/Tati/Logic/Client/cmake-build-debug/CMakeFiles/CMakeTmp

Run Build Command:"/usr/bin/make" "cmTC_d9c29/fast"
/usr/bin/make -f CMakeFiles/cmTC_d9c29.dir/build.make CMakeFiles/cmTC_d9c29.dir/build
make[1]: se entra en el directorio '/home/tati2327/Documentos/GITHUB/Proyecto_2/Tati/Logic/Client/cmake-build-debug/CMakeFiles/CMakeTmp'
Building C object CMakeFiles/cmTC_d9c29.dir/CheckFunctionExists.c.o
/usr/bin/cc   -DCHECK_FUNCTION_EXISTS=pthread_create   -o CMakeFiles/cmTC_d9c29.dir/CheckFunctionExists.c.o   -c /home/tati2327/clion-2018.3.4/bin/cmake/linux/share/cmake-3.13/Modules/CheckFunctionExists.c
Linking C executable cmTC_d9c29
/home/tati2327/clion-2018.3.4/bin/cmake/linux/bin/cmake -E cmake_link_script CMakeFiles/cmTC_d9c29.dir/link.txt --verbose=1
/usr/bin/cc  -DCHECK_FUNCTION_EXISTS=pthread_create    CMakeFiles/cmTC_d9c29.dir/CheckFunctionExists.c.o  -o cmTC_d9c29 -lpthreads 
/usr/bin/ld: no se puede encontrar -lpthreads
collect2: error: ld returned 1 exit status
CMakeFiles/cmTC_d9c29.dir/build.make:86: recipe for target 'cmTC_d9c29' failed
make[1]: *** [cmTC_d9c29] Error 1
make[1]: se sale del directorio '/home/tati2327/Documentos/GITHUB/Proyecto_2/Tati/Logic/Client/cmake-build-debug/CMakeFiles/CMakeTmp'
Makefile:121: recipe for target 'cmTC_d9c29/fast' failed
make: *** [cmTC_d9c29/fast] Error 2


